<?xml version="1.0" encoding="UTF-8"?>
<testsuite name="TollRoadTest" tests="2" skipped="0" failures="0" errors="0" timestamp="2024-08-15T06:02:08" hostname="Brandons-MacBook-Air.local" time="0.032">
  <properties/>
  <testcase name="getVehicleReportByDescription_multipleVehicles_returnsSortedVehicles()" classname="TollRoadTest" time="0.028"/>
  <testcase name="getVehicleReportByState_multipleVehicles_returnsSortedVehicles()" classname="TollRoadTest" time="0.002"/>
  <system-out><![CDATA[]]></system-out>
  <system-err><![CDATA[]]></system-err>
</testsuite>
